<?xml version="1.0" encoding="UTF-8"?>
<!-- Generated by org.testng.reporters.JUnitReportReporter -->
<testsuite hostname="LAPTOP-7CM41USF" failures="0" tests="2" name="testNGDemo.AllAnnotations" time="0.005" errors="0" timestamp="2022-04-26T08:13:13 IST" skipped="0">
  <testcase classname="testNGDemo.AllAnnotations" name="TestMethod2" time="0.002"/>
  <system-out/>
  <testcase classname="testNGDemo.AllAnnotations" name="TestMethod" time="0.003"/>
  <system-out/>
</testsuite> <!-- testNGDemo.AllAnnotations -->
