<?xml version="1.0" encoding="UTF-8"?>
<!-- Generated by org.testng.reporters.JUnitReportReporter -->
<testsuite hostname="LAPTOP-7CM41USF" failures="0" tests="1" name="locatorsDemonstration.AssertTitlePage" time="18.387" errors="0" timestamp="2022-04-21T07:23:00 IST" skipped="0">
  <testcase classname="locatorsDemonstration.AssertTitlePage" name="Validate" time="18.387"/>
  <system-out/>
</testsuite> <!-- locatorsDemonstration.AssertTitlePage -->
