<?xml version="1.0" encoding="UTF-8"?>
<!-- Generated by org.testng.reporters.JUnitReportReporter -->
<testsuite hostname="LAPTOP-7CM41USF" failures="0" tests="6" name="demoDataDrivenTesting.ExcelExample" time="105.788" errors="0" timestamp="2022-04-25T08:23:57 IST" skipped="0">
  <testcase classname="demoDataDrivenTesting.ExcelExample" name="demoClass" time="18.126"/>
  <system-out/>
  <testcase classname="demoDataDrivenTesting.ExcelExample" name="demoClass" time="18.716"/>
  <system-out/>
  <testcase classname="demoDataDrivenTesting.ExcelExample" name="demoClass" time="17.299"/>
  <system-out/>
  <testcase classname="demoDataDrivenTesting.ExcelExample" name="demoClass" time="17.628"/>
  <system-out/>
  <testcase classname="demoDataDrivenTesting.ExcelExample" name="demoClass" time="16.952"/>
  <system-out/>
  <testcase classname="demoDataDrivenTesting.ExcelExample" name="demoClass" time="17.067"/>
  <system-out/>
</testsuite> <!-- demoDataDrivenTesting.ExcelExample -->
