<?xml version="1.0" encoding="UTF-8"?>
<!-- Generated by org.testng.reporters.JUnitReportReporter -->
<testsuite hostname="LAPTOP-7CM41USF" failures="0" tests="3" name="testNGDemo.TestClass01" time="0.000" errors="0" timestamp="2022-04-26T08:13:13 IST" skipped="0">
  <testcase classname="testNGDemo.TestClass01" name="method3" time="0.000"/>
  <system-out/>
  <testcase classname="testNGDemo.TestClass01" name="method1" time="0.000"/>
  <system-out/>
  <testcase classname="testNGDemo.TestClass01" name="method2" time="0.000"/>
  <system-out/>
</testsuite> <!-- testNGDemo.TestClass01 -->
