<?xml version="1.0" encoding="UTF-8"?>
<!-- Generated by org.testng.reporters.JUnitReportReporter -->
<testsuite hostname="LAPTOP-7CM41USF" failures="0" tests="1" name="locatorsDemonstration.LinksDemo" time="6.317" errors="0" timestamp="2022-04-21T07:43:28 IST" skipped="0">
  <testcase classname="locatorsDemonstration.LinksDemo" name="Validate" time="6.317"/>
  <system-out/>
</testsuite> <!-- locatorsDemonstration.LinksDemo -->
