<?xml version="1.0" encoding="UTF-8"?>
<!-- Generated by org.testng.reporters.JUnitReportReporter -->
<testsuite hostname="LAPTOP-7CM41USF" failures="0" tests="1" name="locatorsDemonstration.LocatorTagNameDemo" time="7.306" errors="0" timestamp="2022-04-21T07:49:34 IST" skipped="0">
  <testcase classname="locatorsDemonstration.LocatorTagNameDemo" name="validateForms" time="7.306"/>
  <system-out/>
</testsuite> <!-- locatorsDemonstration.LocatorTagNameDemo -->
