<?xml version="1.0" encoding="UTF-8"?>
<!-- Generated by org.testng.reporters.JUnitReportReporter -->
<testsuite hostname="LAPTOP-7CM41USF" failures="0" tests="3" name="testNGDemo.PriortyEnableTest" time="0.001" errors="0" timestamp="2022-04-26T08:13:13 IST" skipped="1">
  <testcase classname="testNGDemo.PriortyEnableTest" name="testFacebook" time="0.001"/>
  <system-out/>
  <testcase classname="testNGDemo.PriortyEnableTest" name="testGoogle" time="0.000"/>
  <system-out/>
  <testcase classname="testNGDemo.PriortyEnableTest" name="testTwitter">
    <skipped/>
  </testcase> <!-- testTwitter -->
  <system-out/>
</testsuite> <!-- testNGDemo.PriortyEnableTest -->
