<?xml version="1.0" encoding="UTF-8"?>
<!-- Generated by org.testng.reporters.JUnitReportReporter -->
<testsuite hostname="LAPTOP-7CM41USF" failures="0" tests="1" name="seleniumdemonstration.OpenGoogleApplicationFirefox" time="8.196" errors="0" timestamp="2022-04-18T08:39:13 IST" skipped="0">
  <testcase classname="seleniumdemonstration.OpenGoogleApplicationFirefox" name="OpenGoogleAppChromeBrowser" time="8.196"/>
  <system-out/>
</testsuite> <!-- seleniumdemonstration.OpenGoogleApplicationFirefox -->
