<?xml version="1.0" encoding="UTF-8"?>
<!-- Generated by org.testng.reporters.JUnitReportReporter -->
<testsuite hostname="LAPTOP-7CM41USF" failures="0" tests="1" name="locatorsDemonstration.LocatorsDemo" time="21.887" errors="0" timestamp="2022-04-21T07:52:53 IST" skipped="0">
  <testcase classname="locatorsDemonstration.LocatorsDemo" name="demoGetMethods" time="21.887"/>
  <system-out/>
</testsuite> <!-- locatorsDemonstration.LocatorsDemo -->
