<?xml version="1.0" encoding="UTF-8"?>
<!-- Generated by org.testng.reporters.JUnitReportReporter -->
<testsuite hostname="LAPTOP-7CM41USF" failures="0" tests="1" name="seleniumdemonstration.OpenGoogleApplication" time="7.649" errors="0" timestamp="2022-04-19T07:16:13 IST" skipped="0">
  <testcase classname="seleniumdemonstration.OpenGoogleApplication" name="OpenGoogleAppChromeBrowser" time="7.649"/>
  <system-out/>
</testsuite> <!-- seleniumdemonstration.OpenGoogleApplication -->
