<?xml version="1.0" encoding="UTF-8"?>
<!-- Generated by org.testng.reporters.JUnitReportReporter -->
<testsuite hostname="LAPTOP-7CM41USF" failures="0" tests="1" name="locatorsDemonstration.SwitchingToFrame" time="21.426" errors="0" timestamp="2022-04-22T08:10:26 IST" skipped="0">
  <testcase classname="locatorsDemonstration.SwitchingToFrame" name="validateForms" time="21.426"/>
  <system-out/>
</testsuite> <!-- locatorsDemonstration.SwitchingToFrame -->
