<?xml version="1.0" encoding="UTF-8"?>
<!-- Generated by org.testng.reporters.JUnitReportReporter -->
<testsuite hostname="LAPTOP-7CM41USF" failures="0" tests="2" name="locatorsDemonstration.SwitchToWindow" time="11.345" errors="0" timestamp="2022-04-21T08:24:02 IST" skipped="0">
  <testcase classname="locatorsDemonstration.SwitchToWindow" name="openApplication" time="7.366"/>
  <system-out/>
  <testcase classname="locatorsDemonstration.SwitchToWindow" name="demoSwitchToWindow" time="3.979"/>
  <system-out/>
</testsuite> <!-- locatorsDemonstration.SwitchToWindow -->
